        50    0.1787000000E-02    0.8993000000E-02    0.1514750000E+00
       100    0.4051000000E-02    0.1693400000E-01    0.1514750000E+00
       150    0.8132000000E-02    0.2417900000E-01    0.1514750000E+00
       200    0.1345700000E-01    0.3144100000E-01    0.1514750000E+00
       250    0.2004700000E-01    0.3818600000E-01    0.1514750000E+00
       300    0.2899100000E-01    0.4569300000E-01    0.1514750000E+00
       350    0.3855000000E-01    0.5345700000E-01    0.1514750000E+00
       400    0.4997700000E-01    0.5997200000E-01    0.1514750000E+00
       450    0.6239400000E-01    0.6746300000E-01    0.1514750000E+00
       500    0.7741800000E-01    0.7531300000E-01    0.1514750000E+00
       550    0.9287100000E-01    0.8321600000E-01    0.1514750000E+00
       600    0.1093180000E+00    0.8985600000E-01    0.1514750000E+00
       650    0.1267650000E+00    0.9792000000E-01    0.1514750000E+00
       700    0.1474830000E+00    0.1048870000E+00    0.1514750000E+00
       750    0.1681300000E+00    0.1119940000E+00    0.1514750000E+00
       800    0.1907990000E+00    0.1188130000E+00    0.1514750000E+00
       850    0.2183100000E+00    0.1261000000E+00    0.1514750000E+00
       900    0.2404020000E+00    0.1345470000E+00    0.1514750000E+00
       950    0.2699950000E+00    0.1412850000E+00    0.1514750000E+00
      1000    0.2985320000E+00    0.1480920000E+00    0.1514750000E+00
