     rank:          rank*rank:          rank*full:
           5  3.140000000000087E-004
          10  3.169999999999840E-004
          15  7.479999999999987E-004
          20  4.809999999999814E-004
          25  7.209999999999994E-004
          30  4.530000000000090E-004
          35  7.759999999999989E-004
          40  8.140000000000092E-004
          45  9.529999999999816E-004
          50  6.729999999999792E-004
          55  1.377000000000017E-003
          60  7.459999999999967E-004
          65  8.250000000000202E-004
          70  1.326999999999995E-003
          75  1.207999999999987E-003
          80  9.170000000000011E-004
          85  1.379999999999992E-003
          90  1.001000000000002E-003
          95  1.633999999999997E-003
         100  1.112000000000002E-003
         105  1.742000000000021E-003
         110  1.215999999999995E-003
         115  1.842000000000010E-003
         120  1.438999999999996E-003
         125  1.633999999999997E-003
         130  1.354000000000022E-003
         135  1.861000000000002E-003
         140  1.514000000000015E-003
         145  1.875000000000016E-003
         150  1.959999999999990E-003
         155  2.173000000000008E-003
         160  1.686999999999994E-003
         165  2.393999999999979E-003
         170  1.907999999999993E-003
         175  1.941999999999999E-003
         180  2.060000000000006E-003
         185  2.271000000000023E-003
         190  2.556000000000003E-003
         195  3.819000000000017E-003
         200  1.933999999999991E-003
         205  2.645000000000008E-003
         210  2.298000000000022E-003
         215  2.639000000000002E-003
         220  2.661999999999998E-003
         225  2.240999999999993E-003
         230  2.373000000000014E-003
         235  2.427000000000012E-003
         240  2.602000000000049E-003
         245  2.857999999999972E-003
         250  2.717999999999998E-003
