          50  3.533000000000000E-003
         100  1.215600000000000E-002
         150  1.507000000000000E-002
         200  3.484200000000000E-002
         250  6.463899999999999E-002
         300  0.105612000000000     
         350  0.163373000000000     
         400  0.270412000000000     
         450  0.360170000000000     
         500  0.504148000000000     
         550  0.686771000000000     
         600  0.884069000000000     
         650   1.13206800000000     
         700   1.43151500000000     
         750   1.84293600000000     
         800   2.45210100000000     
         850   2.84435000000000     
         900   3.52585300000000     
         950   6.57541400000000     
        1000   5.01052000000000     
