     rank:          rank*rank:          rank*full:
          20  0.270386000000000     
          40  0.275177000000000     
          60  0.272492000000000     
          80  0.280523000000000     
         100  0.272348000000000     
         120  0.273968000000000     
         140  0.272130000000000     
         160  0.270585000000000     
         180  0.270875000000000     
         200  0.277058000000000     
         220  0.272346000000000     
         240  0.276114000000000     
         260  0.274211000000000     
         280  0.274302000000000     
         300  0.274426000000000     
         320  0.273046000000000     
         340  0.272454000000000     
         360  0.273146000000001     
         380  0.274022000000000     
         400  0.272992000000000     
