          50  1.219999999999999E-004
         100  3.530000000000000E-004
         150  7.340000000000003E-004
         200  1.477000000000000E-003
         250  2.697000000000001E-003
         300  4.662000000000001E-003
         350  7.248000000000001E-003
         400  1.021200000000000E-002
         450  1.430600000000000E-002
         500  1.990599999999999E-002
         550  2.603000000000000E-002
         600  3.565000000000000E-002
         650  4.220800000000000E-002
         700  5.258400000000002E-002
         750  6.412099999999998E-002
         800  7.789699999999999E-002
         850  0.194606000000000     
         900  0.112107000000000     
         950  0.130247000000000     
        1000  0.150409000000000     
