          50  1.936900000000000E-002
         100  3.209800000000000E-002
         150  4.738300000000001E-002
         200  6.185199999999999E-002
         250  7.600500000000002E-002
         300  8.990699999999996E-002
         350  0.105764000000000     
         400  0.121103000000000     
         450  0.135350000000000     
         500  0.151347000000000     
         550  0.167000000000000     
         600  0.180915000000000     
         650  0.195092000000000     
         700  0.211784000000000     
         750  0.225626000000000     
         800  0.240470000000000     
         850  0.257421000000000     
         900  0.271124000000000     
         950  0.288594000000000     
        1000  0.301325000000000     
